<?xml version="1.0" encoding="UTF-8"?>
<!-- Generated by org.testng.reporters.JUnitReportReporter -->
<testsuite hostname="Pratap-PC" failures="0" tests="1" name="automationassignment.VariableSwap2" time="0.019" errors="0" timestamp="2023-10-21T10:16:30 IST" skipped="0">
  <testcase classname="automationassignment.VariableSwap2" name="main" time="0.019"/>
  <system-out/>
</testsuite> <!-- automationassignment.VariableSwap2 -->
