<?xml version="1.0" encoding="UTF-8"?>
<!-- Generated by org.testng.reporters.JUnitReportReporter -->
<testsuite hostname="Pratap-PC" failures="0" tests="4" name="Objects.DataProviderDemo" time="0.022" errors="0" timestamp="2023-10-30T10:51:52 IST" skipped="0">
  <testcase classname="Objects.DataProviderDemo" name="add" time="0.011"/>
  <system-out/>
  <testcase classname="Objects.DataProviderDemo" name="add" time="0.004"/>
  <system-out/>
  <testcase classname="Objects.DataProviderDemo" name="add" time="0.002"/>
  <system-out/>
  <testcase classname="Objects.DataProviderDemo" name="add" time="0.005"/>
  <system-out/>
</testsuite> <!-- Objects.DataProviderDemo -->
