<?xml version="1.0" encoding="UTF-8"?>
<!-- Generated by org.testng.reporters.JUnitReportReporter -->
<testsuite hostname="Pratap-PC" failures="0" tests="2" name="Objects.MyTestNGDemo" time="0.016" errors="0" timestamp="2023-11-01T10:49:40 IST" skipped="0">
  <testcase classname="Objects.MyTestNGDemo" name="test1" time="0.014"/>
  <system-out/>
  <testcase classname="Objects.MyTestNGDemo" name="test2" time="0.002"/>
  <system-out/>
</testsuite> <!-- Objects.MyTestNGDemo -->
